  widespread.cpp
  unplanned_quries.cpp
  two_faced_cards.cpp
c1xx : fatal error C1083: Cannot open source file: 'two_faced_cards.cpp': No such file or directory
  shrinking.cpp
d:\vsatcoder\atcodergt_17_04_01\agc_170415\shrinking.cpp(14): warning C4267: 'initializing': conversion from 'size_t' to 'int', possible loss of data
  placing_suqares.cpp
  piling_up.cpp
  elevator.cpp
  chocolate_bar.cpp
d:\vsatcoder\atcodergt_17_04_01\agc_170415\chocolate_bar.cpp(9): warning C4244: 'initializing': conversion from 'double' to 'int', possible loss of data
d:\vsatcoder\atcodergt_17_04_01\agc_170415\chocolate_bar.cpp(13): warning C4244: 'initializing': conversion from 'double' to 'int', possible loss of data
d:\vsatcoder\atcodergt_17_04_01\agc_170415\chocolate_bar.cpp(15): warning C4244: 'initializing': conversion from 'double' to 'int', possible loss of data
d:\vsatcoder\atcodergt_17_04_01\agc_170415\chocolate_bar.cpp(16): warning C4244: 'initializing': conversion from 'double' to 'int', possible loss of data
d:\vsatcoder\atcodergt_17_04_01\agc_170415\chocolate_bar.cpp(18): warning C4244: 'initializing': conversion from 'double' to 'int', possible loss of data
d:\vsatcoder\atcodergt_17_04_01\agc_170415\chocolate_bar.cpp(20): error C2065: 'H_dec': undeclared identifier
d:\vsatcoder\atcodergt_17_04_01\agc_170415\chocolate_bar.cpp(20): error C2065: 'W_dec': undeclared identifier
  bugged.cpp
  ant_circle.cpp
  A+...+B.cpp
  A or B.cpp
  井井井.cpp
c1xx : fatal error C1083: Cannot open source file: '..\AtCoderRC_17_04_09\井井井.cpp': No such file or directory
  sorted_arrays.cpp
  dubious_document.cpp
  sequence.cpp
c1xx : fatal error C1083: Cannot open source file: '..\arc_170422\sequence.cpp': No such file or directory
  Sentou.cpp
c1xx : fatal error C1083: Cannot open source file: '..\arc_170422\Sentou.cpp': No such file or directory
  cookie_exchanges.cpp
  Generating Code...
